{"/Users/resplandeluiz/study/pos/email-notification/src/handler.js": {"path":"/Users/resplandeluiz/study/pos/email-notification/src/handler.js","statementMap":{"0":{"start":{"line":1,"column":29},"end":{"line":1,"column":83}},"1":{"start":{"line":3,"column":0},"end":{"line":35,"column":2}},"2":{"start":{"line":4,"column":2},"end":{"line":34,"column":3}},"3":{"start":{"line":5,"column":54},"end":{"line":5,"column":59}},"4":{"start":{"line":7,"column":4},"end":{"line":12,"column":5}},"5":{"start":{"line":8,"column":6},"end":{"line":11,"column":8}},"6":{"start":{"line":14,"column":4},"end":{"line":20,"column":7}},"7":{"start":{"line":22,"column":4},"end":{"line":25,"column":6}},"8":{"start":{"line":28,"column":4},"end":{"line":28,"column":34}},"9":{"start":{"line":30,"column":4},"end":{"line":33,"column":6}}},"fnMap":{"0":{"name":"(anonymous_0)","decl":{"start":{"line":3,"column":18},"end":{"line":3,"column":19}},"loc":{"start":{"line":3,"column":35},"end":{"line":35,"column":1}},"line":3}},"branchMap":{"0":{"loc":{"start":{"line":7,"column":4},"end":{"line":12,"column":5}},"type":"if","locations":[{"start":{"line":7,"column":4},"end":{"line":12,"column":5}},{"start":{},"end":{}}],"line":7},"1":{"loc":{"start":{"line":7,"column":8},"end":{"line":7,"column":32}},"type":"binary-expr","locations":[{"start":{"line":7,"column":8},"end":{"line":7,"column":11}},{"start":{"line":7,"column":15},"end":{"line":7,"column":23}},{"start":{"line":7,"column":27},"end":{"line":7,"column":32}}],"line":7}},"s":{"0":2,"1":2,"2":18,"3":18,"4":18,"5":7,"6":11,"7":7,"8":4,"9":4},"f":{"0":18},"b":{"0":[7,11],"1":[18,15,13]},"_coverageSchema":"1a1c01bbd47fc00a2c39e90264f33305004495a9","hash":"c9f6704de423d6aa2dc8b9fb488d4662d202f721"}
,"/Users/resplandeluiz/study/pos/email-notification/src/modules/notification/notification.service.js": {"path":"/Users/resplandeluiz/study/pos/email-notification/src/modules/notification/notification.service.js","statementMap":{"0":{"start":{"line":1,"column":24},"end":{"line":1,"column":59}},"1":{"start":{"line":2,"column":26},"end":{"line":2,"column":62}},"2":{"start":{"line":3,"column":25},"end":{"line":3,"column":65}},"3":{"start":{"line":7,"column":2},"end":{"line":9,"column":3}},"4":{"start":{"line":8,"column":4},"end":{"line":8,"column":49}},"5":{"start":{"line":11,"column":19},"end":{"line":11,"column":54}},"6":{"start":{"line":13,"column":15},"end":{"line":13,"column":69}},"7":{"start":{"line":15,"column":2},"end":{"line":20,"column":5}},"8":{"start":{"line":23,"column":0},"end":{"line":23,"column":38}}},"fnMap":{"0":{"name":"sendNotification","decl":{"start":{"line":5,"column":15},"end":{"line":5,"column":31}},"loc":{"start":{"line":5,"column":64},"end":{"line":21,"column":1}},"line":5}},"branchMap":{"0":{"loc":{"start":{"line":7,"column":2},"end":{"line":9,"column":3}},"type":"if","locations":[{"start":{"line":7,"column":2},"end":{"line":9,"column":3}},{"start":{},"end":{}}],"line":7}},"s":{"0":4,"1":4,"2":4,"3":14,"4":1,"5":13,"6":13,"7":13,"8":4},"f":{"0":14},"b":{"0":[1,13]},"_coverageSchema":"1a1c01bbd47fc00a2c39e90264f33305004495a9","hash":"5cb7e3c0df58f469b41a8cb8298a55da576d8df0"}
,"/Users/resplandeluiz/study/pos/email-notification/src/utils/buildTemplate.js": {"path":"/Users/resplandeluiz/study/pos/email-notification/src/utils/buildTemplate.js","statementMap":{"0":{"start":{"line":1,"column":23},"end":{"line":45,"column":1}},"1":{"start":{"line":48,"column":2},"end":{"line":50,"column":5}},"2":{"start":{"line":49,"column":4},"end":{"line":49,"column":39}},"3":{"start":{"line":54,"column":18},"end":{"line":54,"column":38}},"4":{"start":{"line":56,"column":2},"end":{"line":58,"column":3}},"5":{"start":{"line":57,"column":4},"end":{"line":57,"column":54}},"6":{"start":{"line":60,"column":2},"end":{"line":65,"column":5}},"7":{"start":{"line":68,"column":0},"end":{"line":68,"column":35}}},"fnMap":{"0":{"name":"replaceVariables","decl":{"start":{"line":47,"column":9},"end":{"line":47,"column":25}},"loc":{"start":{"line":47,"column":47},"end":{"line":51,"column":1}},"line":47},"1":{"name":"(anonymous_1)","decl":{"start":{"line":48,"column":40},"end":{"line":48,"column":41}},"loc":{"start":{"line":48,"column":52},"end":{"line":50,"column":3}},"line":48},"2":{"name":"buildTemplate","decl":{"start":{"line":53,"column":9},"end":{"line":53,"column":22}},"loc":{"start":{"line":53,"column":68},"end":{"line":66,"column":1}},"line":53}},"branchMap":{"0":{"loc":{"start":{"line":49,"column":11},"end":{"line":49,"column":38}},"type":"binary-expr","locations":[{"start":{"line":49,"column":11},"end":{"line":49,"column":32}},{"start":{"line":49,"column":36},"end":{"line":49,"column":38}}],"line":49},"1":{"loc":{"start":{"line":56,"column":2},"end":{"line":58,"column":3}},"type":"if","locations":[{"start":{"line":56,"column":2},"end":{"line":58,"column":3}},{"start":{},"end":{}}],"line":56}},"s":{"0":6,"1":28,"2":72,"3":31,"4":31,"5":3,"6":28,"7":6},"f":{"0":28,"1":72,"2":31},"b":{"0":[72,15],"1":[3,28]},"_coverageSchema":"1a1c01bbd47fc00a2c39e90264f33305004495a9","hash":"60aba7dc967490f4c40c2f02b013b63c701b19f9"}
,"/Users/resplandeluiz/study/pos/email-notification/src/utils/loadTemplate.util.js": {"path":"/Users/resplandeluiz/study/pos/email-notification/src/utils/loadTemplate.util.js","statementMap":{"0":{"start":{"line":1,"column":11},"end":{"line":1,"column":24}},"1":{"start":{"line":2,"column":13},"end":{"line":2,"column":28}},"2":{"start":{"line":5,"column":23},"end":{"line":9,"column":3}},"3":{"start":{"line":11,"column":2},"end":{"line":11,"column":48}},"4":{"start":{"line":14,"column":0},"end":{"line":14,"column":34}}},"fnMap":{"0":{"name":"loadTemplate","decl":{"start":{"line":4,"column":9},"end":{"line":4,"column":21}},"loc":{"start":{"line":4,"column":36},"end":{"line":12,"column":1}},"line":4}},"branchMap":{},"s":{"0":5,"1":5,"2":4,"3":4,"4":5},"f":{"0":4},"b":{},"_coverageSchema":"1a1c01bbd47fc00a2c39e90264f33305004495a9","hash":"1301711d488537834c412ad7a3f8d1d4508880d7"}
}
