TN:
SF:src/handler.js
FN:3,(anonymous_0)
FNF:1
FNH:1
FNDA:18,(anonymous_0)
DA:1,2
DA:3,2
DA:4,18
DA:5,18
DA:7,18
DA:8,7
DA:14,11
DA:22,7
DA:28,4
DA:30,4
LF:10
LH:10
BRDA:7,0,0,7
BRDA:7,0,1,11
BRDA:7,1,0,18
BRDA:7,1,1,15
BRDA:7,1,2,13
BRF:5
BRH:5
end_of_record
TN:
SF:src/modules/notification/notification.service.js
FN:5,sendNotification
FNF:1
FNH:1
FNDA:14,sendNotification
DA:1,4
DA:2,4
DA:3,4
DA:7,14
DA:8,1
DA:11,13
DA:13,13
DA:15,13
DA:23,4
LF:9
LH:9
BRDA:7,0,0,1
BRDA:7,0,1,13
BRF:2
BRH:2
end_of_record
TN:
SF:src/utils/buildTemplate.js
FN:47,replaceVariables
FN:48,(anonymous_1)
FN:53,buildTemplate
FNF:3
FNH:3
FNDA:28,replaceVariables
FNDA:72,(anonymous_1)
FNDA:31,buildTemplate
DA:1,6
DA:48,28
DA:49,72
DA:54,31
DA:56,31
DA:57,3
DA:60,28
DA:68,6
LF:8
LH:8
BRDA:49,0,0,72
BRDA:49,0,1,15
BRDA:56,1,0,3
BRDA:56,1,1,28
BRF:4
BRH:4
end_of_record
TN:
SF:src/utils/loadTemplate.util.js
FN:4,loadTemplate
FNF:1
FNH:1
FNDA:4,loadTemplate
DA:1,5
DA:2,5
DA:5,4
DA:11,4
DA:14,5
LF:5
LH:5
BRF:0
BRH:0
end_of_record
